--------------------------------------------------------
Binance data bot
Test trade logs
--------------------------------------------------------
{
 "time": "2018-11-30T18:33:56.080Z",
 "action": "Sold BTC @ 4042.88000000",
 "USDT": 9042.880000000001
}
--------------------------------------------------------
{
 "time": "2018-11-30T19:19:01.739Z",
 "action": "Bought BTC @ 4055.33000000",
 "BTC": 2.2329452843541713
}
--------------------------------------------------------
{
 "time": "2018-12-02T13:41:15.747Z",
 "action": "Sold BTC @ 4143.52000000",
 "USDT": 9143.52
}
--------------------------------------------------------
